<?xml version="1.0" encoding="UTF-8"?>
<!-- Generated by org.testng.reporters.JUnitXMLReporter -->
<testsuite hostname="MAYRLON-PC" ignored="0" name="Test" tests="4" failures="0" timestamp="28 nov 2019 18:01:35 GMT" time="35.962" errors="0">
  <testcase name="test1" time="4.015" classname="docker.ChromeTest1"/>
  <testcase name="test3" time="11.347" classname="docker.ChromeTest3"/>
  <testcase name="test2" time="13.781" classname="docker.ChromeTest2"/>
  <testcase name="test4" time="15.883" classname="docker.FirefoxTest"/>
</testsuite> <!-- Test -->
