<?xml version="1.0" encoding="UTF-8"?>
<!-- Generated by org.testng.reporters.JUnitXMLReporter -->
<testsuite hostname="MAYRLON-PC" ignored="0" name="Test" tests="4" failures="0" timestamp="28 nov 2019 20:48:58 GMT" time="38.73" errors="0">
  <testcase name="test3" time="8.433" classname="docker.ChromeTest3"/>
  <testcase name="test2" time="10.777" classname="docker.ChromeTest2"/>
  <testcase name="test1" time="12.788" classname="docker.ChromeTest1"/>
  <testcase name="test4" time="13.697" classname="docker.FirefoxTest"/>
</testsuite> <!-- Test -->
