<?xml version="1.0" encoding="UTF-8"?>
<testng-results skipped="0" failed="0" ignored="0" total="4" passed="4">
  <reporter-output>
  </reporter-output>
  <suite name="Suite" duration-ms="38730" started-at="2019-11-28T20:48:19Z" finished-at="2019-11-28T20:48:58Z">
    <groups>
    </groups>
    <test name="Test" duration-ms="38730" started-at="2019-11-28T20:48:19Z" finished-at="2019-11-28T20:48:58Z">
      <class name="docker.ChromeTest1">
        <test-method status="PASS" signature="test1()[pri:0, instance:docker.ChromeTest1@44c13103]" name="test1" duration-ms="12788" started-at="2019-11-28T18:48:34Z" finished-at="2019-11-28T18:48:47Z">
          <reporter-output>
          </reporter-output>
        </test-method> <!-- test1 -->
      </class> <!-- docker.ChromeTest1 -->
      <class name="docker.Setup_DockerGrid">
        <test-method status="PASS" signature="startDockerGrid()[pri:0, instance:docker.Setup_DockerGrid@7fd8c559]" name="startDockerGrid" is-config="true" duration-ms="15011" started-at="2019-11-28T18:48:19Z" finished-at="2019-11-28T18:48:34Z">
          <reporter-output>
          </reporter-output>
        </test-method> <!-- startDockerGrid -->
        <test-method status="PASS" signature="stopDockerGrid()[pri:0, instance:docker.Setup_DockerGrid@7fd8c559]" name="stopDockerGrid" is-config="true" duration-ms="10008" started-at="2019-11-28T18:48:48Z" finished-at="2019-11-28T18:48:58Z">
          <reporter-output>
          </reporter-output>
        </test-method> <!-- stopDockerGrid -->
      </class> <!-- docker.Setup_DockerGrid -->
      <class name="docker.ChromeTest3">
        <test-method status="PASS" signature="test3()[pri:0, instance:docker.ChromeTest3@6c6366cf]" name="test3" duration-ms="8433" started-at="2019-11-28T18:48:34Z" finished-at="2019-11-28T18:48:42Z">
          <reporter-output>
          </reporter-output>
        </test-method> <!-- test3 -->
      </class> <!-- docker.ChromeTest3 -->
      <class name="docker.FirefoxTest">
        <test-method status="PASS" signature="test4()[pri:0, instance:docker.FirefoxTest@55a88417]" name="test4" duration-ms="13697" started-at="2019-11-28T18:48:34Z" finished-at="2019-11-28T18:48:48Z">
          <reporter-output>
          </reporter-output>
        </test-method> <!-- test4 -->
      </class> <!-- docker.FirefoxTest -->
      <class name="docker.ChromeTest2">
        <test-method status="PASS" signature="test2()[pri:0, instance:docker.ChromeTest2@8f2098e]" name="test2" duration-ms="10777" started-at="2019-11-28T18:48:34Z" finished-at="2019-11-28T18:48:45Z">
          <reporter-output>
          </reporter-output>
        </test-method> <!-- test2 -->
      </class> <!-- docker.ChromeTest2 -->
    </test> <!-- Test -->
  </suite> <!-- Suite -->
</testng-results>
