<?xml version="1.0" encoding="UTF-8"?>
<testsuite xmlns:xsi="http://www.w3.org/2001/XMLSchema-instance" xsi:schemaLocation="https://maven.apache.org/surefire/maven-surefire-plugin/xsd/surefire-test-report.xsd" name="TestSuite" time="39.671" tests="4" errors="0" skipped="0" failures="0">
  <properties>
[...]
</properties>
  <testcase name="test3" classname="docker.ChromeTest3" time="8.434"/>
  <testcase name="test2" classname="docker.ChromeTest2" time="10.777"/>
  <testcase name="test1" classname="docker.ChromeTest1" time="12.788"/>
  <testcase name="test4" classname="docker.FirefoxTest" time="13.697"/>
</testsuite>